  MainCode.cpp
C:\Users\ibrab\Documents\SNHU\cs-499-capstone\CS330Content1\CS330Content\Utilities\linmath.h(64,1): warning C4244: 'initializing': conversion from 'double' to 'float', possible loss of data
  (compiling source file 'Source/MainCode.cpp')
  
C:\Users\ibrab\Documents\SNHU\cs-499-capstone\CS330Content1\CS330Content\Utilities\linmath.h(65,1): warning C4244: 'initializing': conversion from 'double' to 'float', possible loss of data
  (compiling source file 'Source/MainCode.cpp')
  
C:\Users\ibrab\Documents\SNHU\cs-499-capstone\CS330Content1\CS330Content\Utilities\linmath.h(66,1): warning C4244: 'initializing': conversion from 'double' to 'float', possible loss of data
  (compiling source file 'Source/MainCode.cpp')
  
C:\Users\ibrab\Documents\SNHU\cs-499-capstone\CS330Content1\CS330Content\Utilities\linmath.h(344,17): warning C4244: '=': conversion from 'double' to 'float', possible loss of data
  (compiling source file 'Source/MainCode.cpp')
  
C:\Users\ibrab\Documents\SNHU\cs-499-capstone\CS330Content1\CS330Content\Utilities\linmath.h(597,18): warning C4244: 'argument': conversion from 'double' to 'float', possible loss of data
  (compiling source file 'Source/MainCode.cpp')
  
C:\Users\ibrab\Documents\SNHU\cs-499-capstone\CS330Content1\CS330Content\Utilities\linmath.h(604,18): warning C4244: 'argument': conversion from 'double' to 'float', possible loss of data
  (compiling source file 'Source/MainCode.cpp')
  
C:\Program Files (x86)\Windows Kits\10\Include\10.0.22621.0\shared\minwindef.h(130,9): warning C4005: 'APIENTRY': macro redefinition
  (compiling source file 'Source/MainCode.cpp')
      C:\Users\ibrab\Documents\SNHU\cs-499-capstone\CS330Content1\CS330Content\Libraries\GLFW\include\GLFW\glfw3.h(123,11):
      see previous definition of 'APIENTRY'
  
C:\Users\ibrab\Documents\SNHU\cs-499-capstone\CS330Content1\CS330Content\Projects\8-2_Assignment\Source\MainCode.cpp(13,31): warning C4305: 'initializing': truncation from 'double' to 'float'
C:\Users\ibrab\Documents\SNHU\cs-499-capstone\CS330Content1\CS330Content\Projects\8-2_Assignment\Source\MainCode.cpp(61,16): warning C4305: 'initializing': truncation from 'double' to 'float'
C:\Users\ibrab\Documents\SNHU\cs-499-capstone\CS330Content1\CS330Content\Projects\8-2_Assignment\Source\MainCode.cpp(66,7): warning C4244: '=': conversion from 'double' to 'float', possible loss of data
C:\Users\ibrab\Documents\SNHU\cs-499-capstone\CS330Content1\CS330Content\Projects\8-2_Assignment\Source\MainCode.cpp(67,7): warning C4244: '=': conversion from 'double' to 'float', possible loss of data
C:\Users\ibrab\Documents\SNHU\cs-499-capstone\CS330Content1\CS330Content\Projects\8-2_Assignment\Source\MainCode.cpp(68,12): warning C4244: '=': conversion from 'double' to 'float', possible loss of data
C:\Users\ibrab\Documents\SNHU\cs-499-capstone\CS330Content1\CS330Content\Projects\8-2_Assignment\Source\MainCode.cpp(83,11): warning C4244: '=': conversion from 'double' to 'float', possible loss of data
C:\Users\ibrab\Documents\SNHU\cs-499-capstone\CS330Content1\CS330Content\Projects\8-2_Assignment\Source\MainCode.cpp(84,11): warning C4244: '=': conversion from 'double' to 'float', possible loss of data
C:\Users\ibrab\Documents\SNHU\cs-499-capstone\CS330Content1\CS330Content\Projects\8-2_Assignment\Source\MainCode.cpp(167,12): warning C4244: 'argument': conversion from 'time_t' to 'unsigned int', possible loss of data
C:\Users\ibrab\Documents\SNHU\cs-499-capstone\CS330Content1\CS330Content\Projects\8-2_Assignment\Source\MainCode.cpp(182,38): warning C4305: 'argument': truncation from 'double' to 'float'
C:\Users\ibrab\Documents\SNHU\cs-499-capstone\CS330Content1\CS330Content\Projects\8-2_Assignment\Source\MainCode.cpp(182,31): warning C4305: 'argument': truncation from 'double' to 'float'
C:\Users\ibrab\Documents\SNHU\cs-499-capstone\CS330Content1\CS330Content\Projects\8-2_Assignment\Source\MainCode.cpp(183,41): warning C4305: 'argument': truncation from 'double' to 'float'
C:\Users\ibrab\Documents\SNHU\cs-499-capstone\CS330Content1\CS330Content\Projects\8-2_Assignment\Source\MainCode.cpp(183,35): warning C4305: 'argument': truncation from 'double' to 'float'
C:\Users\ibrab\Documents\SNHU\cs-499-capstone\CS330Content1\CS330Content\Projects\8-2_Assignment\Source\MainCode.cpp(184,42): warning C4305: 'argument': truncation from 'double' to 'float'
C:\Users\ibrab\Documents\SNHU\cs-499-capstone\CS330Content1\CS330Content\Projects\8-2_Assignment\Source\MainCode.cpp(184,35): warning C4305: 'argument': truncation from 'double' to 'float'
C:\Users\ibrab\Documents\SNHU\cs-499-capstone\CS330Content1\CS330Content\Projects\8-2_Assignment\Source\MainCode.cpp(185,33): warning C4305: 'argument': truncation from 'double' to 'float'
C:\Users\ibrab\Documents\SNHU\cs-499-capstone\CS330Content1\CS330Content\Projects\8-2_Assignment\Source\MainCode.cpp(199,21): warning C4018: '<': signed/unsigned mismatch
C:\Users\ibrab\Documents\SNHU\cs-499-capstone\CS330Content1\CS330Content\Projects\8-2_Assignment\Source\MainCode.cpp(220,2): warning C4551: function call missing argument list
C:\Users\ibrab\Documents\SNHU\cs-499-capstone\CS330Content1\CS330Content\Projects\8-2_Assignment\Source\MainCode.cpp(236,37): warning C4244: 'argument': conversion from 'double' to 'float', possible loss of data
C:\Users\ibrab\Documents\SNHU\cs-499-capstone\CS330Content1\CS330Content\Projects\8-2_Assignment\Source\MainCode.cpp(236,34): warning C4244: 'argument': conversion from 'double' to 'float', possible loss of data
C:\Users\ibrab\Documents\SNHU\cs-499-capstone\CS330Content1\CS330Content\Projects\8-2_Assignment\Source\MainCode.cpp(236,31): warning C4244: 'argument': conversion from 'double' to 'float', possible loss of data
C:\Users\ibrab\Documents\SNHU\cs-499-capstone\CS330Content1\CS330Content\Projects\8-2_Assignment\Source\MainCode.cpp(236,25): warning C4305: 'argument': truncation from 'double' to 'float'
  Generating code
  Previous IPDB not found, fall back to full compilation.
  All 86 functions were compiled because no usable IPDB/IOBJ from previous compilation was found.
  Finished generating code
  8-2_Assignment.vcxproj -> C:\Users\ibrab\Documents\SNHU\cs-499-capstone\CS330Content1\CS330Content\Projects\8-2_Assignment\Release\8-2_Assignment.exe
